e:\competition2018\airsim-master - juesaistart\dronecompetition\dronecompetition\dronecompetition\x64\release\main.obj
e:\competition2018\airsim-master - juesaistart\dronecompetition\dronecompetition\dronecompetition\x64\release\imageprocess.obj
e:\competition2018\airsim-master - juesaistart\dronecompetition\dronecompetition\dronecompetition\x64\release\commander.obj
e:\competition2018\airsim-master - juesaistart\dronecompetition\dronecompetition\dronecompetition\x64\release\estimator.obj
e:\competition2018\airsim-master - juesaistart\dronecompetition\dronecompetition\dronecompetition\x64\release\infoupdate.obj
e:\competition2018\airsim-master - juesaistart\dronecompetition\dronecompetition\dronecompetition\x64\release\droneinfo.obj
e:\competition2018\airsim-master - juesaistart\dronecompetition\dronecompetition\dronecompetition\x64\release\attitude_estimator.obj
e:\competition2018\airsim-master - juesaistart\dronecompetition\dronecompetition\dronecompetition\x64\release\type_methode.obj
e:\competition2018\airsim-master - juesaistart\dronecompetition\dronecompetition\dronecompetition\x64\release\dronecompetition.obj
e:\competition2018\airsim-master - juesaistart\dronecompetition\dronecompetition\dronecompetition\x64\release\positioncontroller.obj
e:\competition2018\airsim-master - juesaistart\dronecompetition\dronecompetition\dronecompetition\x64\release\painterwiget.obj
e:\competition2018\airsim-master - juesaistart\dronecompetition\dronecompetition\dronecompetition\x64\release\moc_dronecompetition.obj
e:\competition2018\airsim-master - juesaistart\dronecompetition\dronecompetition\dronecompetition\x64\release\projectone.obj
e:\competition2018\airsim-master - juesaistart\dronecompetition\dronecompetition\dronecompetition\x64\release\qout.obj
e:\competition2018\airsim-master - juesaistart\dronecompetition\dronecompetition\dronecompetition\x64\release\qrc_dronecompetition.obj
e:\competition2018\airsim-master - juesaistart\dronecompetition\dronecompetition\dronecompetition\generatedfiles\release\moc_dronecompetition.cpp
e:\competition2018\airsim-master - juesaistart\dronecompetition\dronecompetition\dronecompetition\generatedfiles\qrc_dronecompetition.cpp
e:\competition2018\airsim-master - juesaistart\dronecompetition\dronecompetition\dronecompetition\generatedfiles\ui_dronecompetition.h
e:\competition2018\airsim-master - juesaistart\x64\release\dronecompetition.exe
e:\competition2018\airsim-master - juesaistart\dronecompetition\dronecompetition\dronecompetition\x64\release\dronecompetition.tlog\cl.command.1.tlog
e:\competition2018\airsim-master - juesaistart\dronecompetition\dronecompetition\dronecompetition\x64\release\dronecompetition.tlog\cl.read.1.tlog
e:\competition2018\airsim-master - juesaistart\dronecompetition\dronecompetition\dronecompetition\x64\release\dronecompetition.tlog\cl.write.1.tlog
e:\competition2018\airsim-master - juesaistart\dronecompetition\dronecompetition\dronecompetition\x64\release\dronecompetition.tlog\dronecompetition.write.1u.tlog
e:\competition2018\airsim-master - juesaistart\dronecompetition\dronecompetition\dronecompetition\x64\release\dronecompetition.tlog\link.command.1.tlog
e:\competition2018\airsim-master - juesaistart\dronecompetition\dronecompetition\dronecompetition\x64\release\dronecompetition.tlog\link.read.1.tlog
e:\competition2018\airsim-master - juesaistart\dronecompetition\dronecompetition\dronecompetition\x64\release\dronecompetition.tlog\link.write.1.tlog
