e:\competition2018\airsim-master\dronecompetition\dronecompetition\dronecompetition\x64\debug\dronecompetition.obj
e:\competition2018\airsim-master\dronecompetition\dronecompetition\dronecompetition\x64\debug\imageprocess.obj
e:\competition2018\airsim-master\dronecompetition\dronecompetition\dronecompetition\x64\debug\commander.obj
e:\competition2018\airsim-master\dronecompetition\dronecompetition\dronecompetition\x64\debug\positioncontroller.obj
e:\competition2018\airsim-master\dronecompetition\dronecompetition\dronecompetition\x64\debug\attitude_estimator.obj
e:\competition2018\airsim-master\dronecompetition\dronecompetition\dronecompetition\x64\debug\type_methode.obj
e:\competition2018\airsim-master\dronecompetition\dronecompetition\dronecompetition\x64\debug\qout.obj
e:\competition2018\airsim-master\dronecompetition\dronecompetition\dronecompetition\x64\debug\infoupdate.obj
e:\competition2018\airsim-master\dronecompetition\dronecompetition\dronecompetition\x64\debug\projectone.obj
e:\competition2018\airsim-master\dronecompetition\dronecompetition\dronecompetition\x64\debug\estimator.obj
e:\competition2018\airsim-master\dronecompetition\dronecompetition\dronecompetition\x64\debug\painterwiget.obj
e:\competition2018\airsim-master\dronecompetition\dronecompetition\dronecompetition\x64\debug\qrc_dronecompetition.obj
e:\competition2018\airsim-master\dronecompetition\dronecompetition\dronecompetition\x64\debug\droneinfo.obj
e:\competition2018\airsim-master\dronecompetition\dronecompetition\dronecompetition\x64\debug\moc_dronecompetition.obj
e:\competition2018\airsim-master\dronecompetition\dronecompetition\dronecompetition\x64\debug\main.obj
e:\competition2018\airsim-master\dronecompetition\dronecompetition\dronecompetition\x64\debug\vc141.pdb
e:\competition2018\airsim-master\dronecompetition\dronecompetition\dronecompetition\generatedfiles\debug\moc_dronecompetition.cpp
e:\competition2018\airsim-master\dronecompetition\dronecompetition\dronecompetition\generatedfiles\qrc_dronecompetition.cpp
e:\competition2018\airsim-master\dronecompetition\dronecompetition\dronecompetition\generatedfiles\ui_dronecompetition.h
e:\competition2018\airsim-master\x64\debug\dronecompetition.pdb
e:\competition2018\airsim-master\dronecompetition\dronecompetition\dronecompetition\x64\debug\dronecompetition.tlog\cl.command.1.tlog
e:\competition2018\airsim-master\dronecompetition\dronecompetition\dronecompetition\x64\debug\dronecompetition.tlog\cl.read.1.tlog
e:\competition2018\airsim-master\dronecompetition\dronecompetition\dronecompetition\x64\debug\dronecompetition.tlog\cl.write.1.tlog
e:\competition2018\airsim-master\dronecompetition\dronecompetition\dronecompetition\x64\debug\dronecompetition.tlog\dronecompetition.write.1u.tlog
e:\competition2018\airsim-master\dronecompetition\dronecompetition\dronecompetition\x64\debug\dronecompetition.tlog\link-cvtres.read.1.tlog
e:\competition2018\airsim-master\dronecompetition\dronecompetition\dronecompetition\x64\debug\dronecompetition.tlog\link-cvtres.write.1.tlog
e:\competition2018\airsim-master\dronecompetition\dronecompetition\dronecompetition\x64\debug\dronecompetition.tlog\link-rc.read.1.tlog
e:\competition2018\airsim-master\dronecompetition\dronecompetition\dronecompetition\x64\debug\dronecompetition.tlog\link-rc.write.1.tlog
e:\competition2018\airsim-master\dronecompetition\dronecompetition\dronecompetition\x64\debug\dronecompetition.tlog\link.command.1.tlog
e:\competition2018\airsim-master\dronecompetition\dronecompetition\dronecompetition\x64\debug\dronecompetition.tlog\link.read.1.tlog
e:\competition2018\airsim-master\dronecompetition\dronecompetition\dronecompetition\x64\debug\dronecompetition.tlog\link.write.1.tlog
